0 info it worked if it ends with ok
1 verbose cli [ '/usr/local/bin/node',
1 verbose cli   '/usr/local/bin/npm',
1 verbose cli   'install',
1 verbose cli   '--save',
1 verbose cli   'devDependencies',
1 verbose cli   'browser-sync' ]
2 info using npm@4.1.2
3 info using node@v7.6.0
4 silly loadCurrentTree Starting
5 silly install loadCurrentTree
6 silly install readLocalPackageData
7 silly fetchPackageMetaData devDependencies
8 silly fetchPackageMetaData browser-sync@^2.23.5
9 silly fetchNamedPackageData browser-sync
10 silly mapToRegistry name browser-sync
11 silly mapToRegistry using default registry
12 silly mapToRegistry registry https://registry.npmjs.org/
13 silly mapToRegistry data Result {
13 silly mapToRegistry   raw: 'browser-sync',
13 silly mapToRegistry   scope: null,
13 silly mapToRegistry   escapedName: 'browser-sync',
13 silly mapToRegistry   name: 'browser-sync',
13 silly mapToRegistry   rawSpec: '',
13 silly mapToRegistry   spec: 'latest',
13 silly mapToRegistry   type: 'tag' }
14 silly mapToRegistry uri https://registry.npmjs.org/browser-sync
15 silly fetchNamedPackageData devDependencies
16 silly mapToRegistry name devDependencies
17 silly mapToRegistry using default registry
18 silly mapToRegistry registry https://registry.npmjs.org/
19 silly mapToRegistry data Result {
19 silly mapToRegistry   raw: 'devDependencies',
19 silly mapToRegistry   scope: null,
19 silly mapToRegistry   escapedName: 'devDependencies',
19 silly mapToRegistry   name: 'devDependencies',
19 silly mapToRegistry   rawSpec: '',
19 silly mapToRegistry   spec: 'latest',
19 silly mapToRegistry   type: 'tag' }
20 silly mapToRegistry uri https://registry.npmjs.org/devDependencies
21 verbose request uri https://registry.npmjs.org/devDependencies
22 verbose request no auth needed
23 info attempt registry request try #1 at 10:30:24 AM
24 verbose request id 3d8a156019dc3ef2
25 http request GET https://registry.npmjs.org/devDependencies
26 verbose request uri https://registry.npmjs.org/browser-sync
27 verbose request no auth needed
28 info attempt registry request try #1 at 10:30:24 AM
29 verbose etag "5a5d37b4-8ebc3"
30 verbose lastModified Mon, 15 Jan 2018 23:22:28 GMT
31 http request GET https://registry.npmjs.org/browser-sync
32 http 304 https://registry.npmjs.org/browser-sync
33 verbose headers { date: 'Tue, 16 Jan 2018 10:30:25 GMT',
33 verbose headers   via: '1.1 varnish',
33 verbose headers   'cache-control': 'max-age=300',
33 verbose headers   etag: '"5a5d37b4-8ebc3"',
33 verbose headers   age: '11170',
33 verbose headers   connection: 'keep-alive',
33 verbose headers   'x-served-by': 'cache-ams4426-AMS',
33 verbose headers   'x-cache': 'HIT',
33 verbose headers   'x-cache-hits': '2',
33 verbose headers   'x-timer': 'S1516098625.241946,VS0,VE0',
33 verbose headers   vary: 'Accept-Encoding, Accept' }
34 silly get cb [ 304,
34 silly get   { date: 'Tue, 16 Jan 2018 10:30:25 GMT',
34 silly get     via: '1.1 varnish',
34 silly get     'cache-control': 'max-age=300',
34 silly get     etag: '"5a5d37b4-8ebc3"',
34 silly get     age: '11170',
34 silly get     connection: 'keep-alive',
34 silly get     'x-served-by': 'cache-ams4426-AMS',
34 silly get     'x-cache': 'HIT',
34 silly get     'x-cache-hits': '2',
34 silly get     'x-timer': 'S1516098625.241946,VS0,VE0',
34 silly get     vary: 'Accept-Encoding, Accept' } ]
35 verbose etag https://registry.npmjs.org/browser-sync from cache
36 verbose get saving browser-sync to /Users/mac/.npm/registry.npmjs.org/browser-sync/.cache.json
37 verbose correctMkdir /Users/mac/.npm correctMkdir not in flight; initializing
38 silly pickManifestFromRegistryMetadata spec >=2.23.5 <3.0.0 tag latest versions [ '0.1.0',
38 silly pickManifestFromRegistryMetadata   '0.1.1',
38 silly pickManifestFromRegistryMetadata   '0.1.3',
38 silly pickManifestFromRegistryMetadata   '0.1.5',
38 silly pickManifestFromRegistryMetadata   '0.1.6',
38 silly pickManifestFromRegistryMetadata   '0.1.7',
38 silly pickManifestFromRegistryMetadata   '0.1.8',
38 silly pickManifestFromRegistryMetadata   '0.1.9',
38 silly pickManifestFromRegistryMetadata   '0.1.10',
38 silly pickManifestFromRegistryMetadata   '0.2.0',
38 silly pickManifestFromRegistryMetadata   '0.2.1',
38 silly pickManifestFromRegistryMetadata   '0.3.0',
38 silly pickManifestFromRegistryMetadata   '0.3.1',
38 silly pickManifestFromRegistryMetadata   '0.3.2',
38 silly pickManifestFromRegistryMetadata   '0.3.3',
38 silly pickManifestFromRegistryMetadata   '0.3.4',
38 silly pickManifestFromRegistryMetadata   '0.3.5',
38 silly pickManifestFromRegistryMetadata   '0.3.6',
38 silly pickManifestFromRegistryMetadata   '0.3.7',
38 silly pickManifestFromRegistryMetadata   '0.3.8',
38 silly pickManifestFromRegistryMetadata   '0.3.10',
38 silly pickManifestFromRegistryMetadata   '0.4.0',
38 silly pickManifestFromRegistryMetadata   '0.4.1',
38 silly pickManifestFromRegistryMetadata   '0.4.2',
38 silly pickManifestFromRegistryMetadata   '0.4.21',
38 silly pickManifestFromRegistryMetadata   '0.4.3',
38 silly pickManifestFromRegistryMetadata   '0.4.4',
38 silly pickManifestFromRegistryMetadata   '0.4.5',
38 silly pickManifestFromRegistryMetadata   '0.4.6',
38 silly pickManifestFromRegistryMetadata   '0.4.7',
38 silly pickManifestFromRegistryMetadata   '0.4.8',
38 silly pickManifestFromRegistryMetadata   '0.4.9',
38 silly pickManifestFromRegistryMetadata   '0.4.10',
38 silly pickManifestFromRegistryMetadata   '0.4.11',
38 silly pickManifestFromRegistryMetadata   '0.4.12',
38 silly pickManifestFromRegistryMetadata   '0.5.0',
38 silly pickManifestFromRegistryMetadata   '0.5.1',
38 silly pickManifestFromRegistryMetadata   '0.5.2',
38 silly pickManifestFromRegistryMetadata   '0.5.3',
38 silly pickManifestFromRegistryMetadata   '0.5.4',
38 silly pickManifestFromRegistryMetadata   '0.5.5',
38 silly pickManifestFromRegistryMetadata   '0.5.6',
38 silly pickManifestFromRegistryMetadata   '0.5.7',
38 silly pickManifestFromRegistryMetadata   '0.5.8',
38 silly pickManifestFromRegistryMetadata   '0.5.9',
38 silly pickManifestFromRegistryMetadata   '0.6.0',
38 silly pickManifestFromRegistryMetadata   '0.6.1',
38 silly pickManifestFromRegistryMetadata   '0.6.2',
38 silly pickManifestFromRegistryMetadata   '0.7.0',
38 silly pickManifestFromRegistryMetadata   '0.7.1',
38 silly pickManifestFromRegistryMetadata   '0.7.2',
38 silly pickManifestFromRegistryMetadata   '0.7.3',
38 silly pickManifestFromRegistryMetadata   '0.7.4',
38 silly pickManifestFromRegistryMetadata   '0.7.5',
38 silly pickManifestFromRegistryMetadata   '0.7.7',
38 silly pickManifestFromRegistryMetadata   '0.8.0',
38 silly pickManifestFromRegistryMetadata   '0.8.1',
38 silly pickManifestFromRegistryMetadata   '0.8.2',
38 silly pickManifestFromRegistryMetadata   '0.9.0',
38 silly pickManifestFromRegistryMetadata   '0.9.1',
38 silly pickManifestFromRegistryMetadata   '1.0.0',
38 silly pickManifestFromRegistryMetadata   '1.1.0',
38 silly pickManifestFromRegistryMetadata   '1.1.1',
38 silly pickManifestFromRegistryMetadata   '1.1.2',
38 silly pickManifestFromRegistryMetadata   '1.2.0',
38 silly pickManifestFromRegistryMetadata   '1.2.1',
38 silly pickManifestFromRegistryMetadata   '1.3.0',
38 silly pickManifestFromRegistryMetadata   '1.3.2',
38 silly pickManifestFromRegistryMetadata   '1.3.3',
38 silly pickManifestFromRegistryMetadata   '1.3.4',
38 silly pickManifestFromRegistryMetadata   '1.3.5',
38 silly pickManifestFromRegistryMetadata   '1.3.6',
38 silly pickManifestFromRegistryMetadata   '1.3.7',
38 silly pickManifestFromRegistryMetadata   '1.5.0',
38 silly pickManifestFromRegistryMetadata   '1.5.1',
38 silly pickManifestFromRegistryMetadata   '1.5.2',
38 silly pickManifestFromRegistryMetadata   '1.5.3',
38 silly pickManifestFromRegistryMetadata   '1.5.4',
38 silly pickManifestFromRegistryMetadata   '1.5.5',
38 silly pickManifestFromRegistryMetadata   '1.5.6',
38 silly pickManifestFromRegistryMetadata   '1.5.7',
38 silly pickManifestFromRegistryMetadata   '1.5.8',
38 silly pickManifestFromRegistryMetadata   '1.5.9',
38 silly pickManifestFromRegistryMetadata   '1.6.0',
38 silly pickManifestFromRegistryMetadata   '1.6.1',
38 silly pickManifestFromRegistryMetadata   '1.6.2',
38 silly pickManifestFromRegistryMetadata   '1.6.3',
38 silly pickManifestFromRegistryMetadata   '1.6.4',
38 silly pickManifestFromRegistryMetadata   '1.6.5',
38 silly pickManifestFromRegistryMetadata   '1.7.0',
38 silly pickManifestFromRegistryMetadata   '1.7.1',
38 silly pickManifestFromRegistryMetadata   '1.7.2',
38 silly pickManifestFromRegistryMetadata   '1.7.3',
38 silly pickManifestFromRegistryMetadata   '1.8.0',
38 silly pickManifestFromRegistryMetadata   '1.8.1',
38 silly pickManifestFromRegistryMetadata   '1.8.2',
38 silly pickManifestFromRegistryMetadata   '1.8.3',
38 silly pickManifestFromRegistryMetadata   '1.9.0',
38 silly pickManifestFromRegistryMetadata   '1.9.1',
38 silly pickManifestFromRegistryMetadata   '2.0.0-rc1',
38 silly pickManifestFromRegistryMetadata   ... 133 more items ]
39 http 404 https://registry.npmjs.org/devDependencies
40 verbose headers { 'content-type': 'application/json',
40 verbose headers   'cache-control': 'max-age=0',
40 verbose headers   'content-length': '2',
40 verbose headers   'accept-ranges': 'bytes',
40 verbose headers   date: 'Tue, 16 Jan 2018 10:30:27 GMT',
40 verbose headers   via: '1.1 varnish',
40 verbose headers   connection: 'keep-alive',
40 verbose headers   'x-served-by': 'cache-ams4135-AMS',
40 verbose headers   'x-cache': 'MISS',
40 verbose headers   'x-cache-hits': '0',
40 verbose headers   'x-timer': 'S1516098625.300340,VS0,VE2071',
40 verbose headers   vary: 'Accept-Encoding' }
41 silly get cb [ 404,
41 silly get   { 'content-type': 'application/json',
41 silly get     'cache-control': 'max-age=0',
41 silly get     'content-length': '2',
41 silly get     'accept-ranges': 'bytes',
41 silly get     date: 'Tue, 16 Jan 2018 10:30:27 GMT',
41 silly get     via: '1.1 varnish',
41 silly get     connection: 'keep-alive',
41 silly get     'x-served-by': 'cache-ams4135-AMS',
41 silly get     'x-cache': 'MISS',
41 silly get     'x-cache-hits': '0',
41 silly get     'x-timer': 'S1516098625.300340,VS0,VE2071',
41 silly get     vary: 'Accept-Encoding' } ]
42 silly fetchPackageMetaData Error: Registry returned 404 for GET on https://registry.npmjs.org/devDependencies
42 silly fetchPackageMetaData     at makeError (/usr/local/lib/node_modules/npm/node_modules/npm-registry-client/lib/request.js:304:12)
42 silly fetchPackageMetaData     at CachingRegistryClient.<anonymous> (/usr/local/lib/node_modules/npm/node_modules/npm-registry-client/lib/request.js:282:14)
42 silly fetchPackageMetaData     at Request._callback (/usr/local/lib/node_modules/npm/node_modules/npm-registry-client/lib/request.js:212:14)
42 silly fetchPackageMetaData     at Request.self.callback (/usr/local/lib/node_modules/npm/node_modules/request/request.js:186:22)
42 silly fetchPackageMetaData     at emitTwo (events.js:106:13)
42 silly fetchPackageMetaData     at Request.emit (events.js:192:7)
42 silly fetchPackageMetaData     at Request.<anonymous> (/usr/local/lib/node_modules/npm/node_modules/request/request.js:1081:10)
42 silly fetchPackageMetaData     at emitOne (events.js:96:13)
42 silly fetchPackageMetaData     at Request.emit (events.js:189:7)
42 silly fetchPackageMetaData     at IncomingMessage.<anonymous> (/usr/local/lib/node_modules/npm/node_modules/request/request.js:1001:12)
42 silly fetchPackageMetaData  error for devDependencies { Error: Registry returned 404 for GET on https://registry.npmjs.org/devDependencies
42 silly fetchPackageMetaData     at makeError (/usr/local/lib/node_modules/npm/node_modules/npm-registry-client/lib/request.js:304:12)
42 silly fetchPackageMetaData     at CachingRegistryClient.<anonymous> (/usr/local/lib/node_modules/npm/node_modules/npm-registry-client/lib/request.js:282:14)
42 silly fetchPackageMetaData     at Request._callback (/usr/local/lib/node_modules/npm/node_modules/npm-registry-client/lib/request.js:212:14)
42 silly fetchPackageMetaData     at Request.self.callback (/usr/local/lib/node_modules/npm/node_modules/request/request.js:186:22)
42 silly fetchPackageMetaData     at emitTwo (events.js:106:13)
42 silly fetchPackageMetaData     at Request.emit (events.js:192:7)
42 silly fetchPackageMetaData     at Request.<anonymous> (/usr/local/lib/node_modules/npm/node_modules/request/request.js:1081:10)
42 silly fetchPackageMetaData     at emitOne (events.js:96:13)
42 silly fetchPackageMetaData     at Request.emit (events.js:189:7)
42 silly fetchPackageMetaData     at IncomingMessage.<anonymous> (/usr/local/lib/node_modules/npm/node_modules/request/request.js:1001:12) pkgid: 'devDependencies', statusCode: 404, code: 'E404' }
43 silly rollbackFailedOptional Starting
44 silly rollbackFailedOptional Finishing
45 silly runTopLevelLifecycles Finishing
46 silly install printInstalled
47 verbose stack Error: Registry returned 404 for GET on https://registry.npmjs.org/devDependencies
47 verbose stack     at makeError (/usr/local/lib/node_modules/npm/node_modules/npm-registry-client/lib/request.js:304:12)
47 verbose stack     at CachingRegistryClient.<anonymous> (/usr/local/lib/node_modules/npm/node_modules/npm-registry-client/lib/request.js:282:14)
47 verbose stack     at Request._callback (/usr/local/lib/node_modules/npm/node_modules/npm-registry-client/lib/request.js:212:14)
47 verbose stack     at Request.self.callback (/usr/local/lib/node_modules/npm/node_modules/request/request.js:186:22)
47 verbose stack     at emitTwo (events.js:106:13)
47 verbose stack     at Request.emit (events.js:192:7)
47 verbose stack     at Request.<anonymous> (/usr/local/lib/node_modules/npm/node_modules/request/request.js:1081:10)
47 verbose stack     at emitOne (events.js:96:13)
47 verbose stack     at Request.emit (events.js:189:7)
47 verbose stack     at IncomingMessage.<anonymous> (/usr/local/lib/node_modules/npm/node_modules/request/request.js:1001:12)
48 verbose statusCode 404
49 verbose pkgid devDependencies
50 verbose cwd /Users/mac/Desktop/frontend-coding-challenge
51 error Darwin 16.7.0
52 error argv "/usr/local/bin/node" "/usr/local/bin/npm" "install" "--save" "devDependencies" "browser-sync"
53 error node v7.6.0
54 error npm  v4.1.2
55 error code E404
56 error 404 Registry returned 404 for GET on https://registry.npmjs.org/devDependencies
57 error 404
58 error 404 'devDependencies' is not in the npm registry.
59 error 404 Your package name is not valid, because
60 error 404 1. name can no longer contain capital letters
61 error 404 Note that you can also install from a
62 error 404 tarball, folder, http url, or git url.
63 verbose exit [ 1, true ]
